Build started 2017/8/4 10:10:57.
     1>Project "F:\MyTest\myTest\testCPP\fsu_master(9-1)\fsu_master\fsu(fast safe udp)\fsu(fast safe udp).vcxproj" on node 2 (Build target(s)).
     1>C:\Program Files (x86)\MSBuild\Microsoft.Cpp\v4.0\V120\Microsoft.CppBuild.targets(364,5): warning MSB8004: Output Directory does not end with a trailing slash.  This build instance will add the slash as it is required to allow proper evaluation of the Output Directory.
     1>ClCompile:
         C:\Program Files (x86)\Microsoft Visual Studio 12.0\VC\bin\CL.exe /c /I../ /Zi /nologo /W3 /WX- /sdl /Od /Oy- /GL /D WIN32 /D _DEBUG /D _CONSOLE /D _LIB /D _UNICODE /D UNICODE /Gm /EHsc /RTC1 /MDd /GS /fp:precise /Zc:wchar_t /Zc:forScope /Fo"Debug\\" /Fd"Debug\vc120.pdb" /Gd /TC /analyze- /errorReport:prompt fsu.c
         fsu.c
     1>fsu.c(225): warning C4013: 'vsprintf' undefined; assuming extern returning int
     1>fsu.c(288): warning C4013: 'printf' undefined; assuming extern returning int
         C:\Program Files (x86)\Microsoft Visual Studio 12.0\VC\bin\CL.exe /c /I../ /Zi /nologo /W3 /WX- /sdl /Od /Oy- /GL /D WIN32 /D _DEBUG /D _CONSOLE /D _LIB /D _UNICODE /D UNICODE /Gm /EHsc /RTC1 /MDd /GS /fp:precise /Zc:wchar_t /Zc:forScope /Fo"Debug\\" /Fd"Debug\vc120.pdb" /Gd /TP /analyze- /errorReport:prompt Source.cpp
         Source.cpp
       Link:
         C:\Program Files (x86)\Microsoft Visual Studio 12.0\VC\bin\link.exe /ERRORREPORT:PROMPT /OUT:"..\..\bin\Win32\fsu(fast safe udp).exe" /INCREMENTAL /NOLOGO kernel32.lib user32.lib gdi32.lib winspool.lib comdlg32.lib advapi32.lib shell32.lib ole32.lib oleaut32.lib uuid.lib odbc32.lib odbccp32.lib /MANIFEST /MANIFESTUAC:"level='asInvoker' uiAccess='false'" /manifest:embed /DEBUG /PDB:"..\..\bin\Win32\fsu(fast safe udp).pdb" /SUBSYSTEM:CONSOLE /TLBID:1 /DYNAMICBASE /NXCOMPAT /IMPLIB:"..\..\bin\Win32\fsu(fast safe udp).lib" /MACHINE:X86 Debug\fsu.obj
         Debug\Source.obj
         fsu.obj : MSIL .netmodule or module compiled with /GL found; restarting link with /LTCG; add /LTCG to the link command line to improve linker performance
     1>LINK : warning LNK4075: ignoring '/INCREMENTAL' due to '/LTCG' specification
         Generating code
         Finished generating code
         fsu(fast safe udp).vcxproj -> F:\MyTest\myTest\testCPP\fsu_master(9-1)\fsu_master\fsu(fast safe udp)\..\..\bin\Win32\fsu(fast safe udp).exe
     1>Done Building Project "F:\MyTest\myTest\testCPP\fsu_master(9-1)\fsu_master\fsu(fast safe udp)\fsu(fast safe udp).vcxproj" (Build target(s)).

Build succeeded.

Time Elapsed 00:00:02.41
