生成启动时间为 2016-7-7 21:40:57。
     1>项目“E:\study\vs2010\fsu_master(9)\fsu_master\server_2010\server_2010.vcxproj”在节点 2 上(build 个目标)。
     1>InitializeBuildStatus:
         正在对“Debug\server_2010.unsuccessfulbuild”执行 Touch 任务。
       ClCompile:
         所有输出均为最新。
         所有输出均为最新。
       ManifestResourceCompile:
         所有输出均为最新。
       Link:
         d:\software\vs2010\VS2010ProTrialCHS\install\VC\bin\link.exe /ERRORREPORT:PROMPT /OUT:"E:\study\vs2010\fsu_master(9)\fsu_master\Debug\server_2010.exe" /INCREMENTAL /NOLOGO kernel32.lib user32.lib gdi32.lib winspool.lib comdlg32.lib advapi32.lib shell32.lib ole32.lib oleaut32.lib uuid.lib odbc32.lib odbccp32.lib /MANIFEST /ManifestFile:"Debug\server_2010.exe.intermediate.manifest" /MANIFESTUAC:"level='asInvoker' uiAccess='false'" /DEBUG /PDB:"E:\study\vs2010\fsu_master(9)\fsu_master\Debug\server_2010.pdb" /SUBSYSTEM:CONSOLE /TLBID:1 /DYNAMICBASE /NXCOMPAT /IMPLIB:"E:\study\vs2010\fsu_master(9)\fsu_master\Debug\server_2010.lib" /MACHINE:X86 Debug\server_2010.exe.embed.manifest.res
         Debug\fsu.obj
         Debug\server.obj
       Manifest:
         C:\Program Files\Microsoft SDKs\Windows\v7.0A\bin\mt.exe /nologo /verbose /out:"Debug\server_2010.exe.embed.manifest" /manifest Debug\server_2010.exe.intermediate.manifest
         所有输出均为最新。
       LinkEmbedManifest:
         所有输出均为最新。
         server_2010.vcxproj -> E:\study\vs2010\fsu_master(9)\fsu_master\Debug\server_2010.exe
       FinalizeBuildStatus:
         正在删除文件“Debug\server_2010.unsuccessfulbuild”。
         正在对“Debug\server_2010.lastbuildstate”执行 Touch 任务。
     1>已完成生成项目“E:\study\vs2010\fsu_master(9)\fsu_master\server_2010\server_2010.vcxproj”(build 个目标)的操作。

生成成功。

已用时间 00:00:00.51
