f:\mytest\mytest\testcpp\fsu_master(1)\fsu_master\server\debug\vc120.pdb
f:\mytest\mytest\testcpp\fsu_master(1)\fsu_master\server\debug\vc120.idb
f:\mytest\mytest\testcpp\fsu_master(1)\fsu_master\server\debug\fsu.obj
f:\mytest\mytest\testcpp\fsu_master(1)\fsu_master\server\debug\server.obj
f:\mytest\mytest\testcpp\fsu_master(1)\fsu_master\debug\server.pdb
f:\mytest\mytest\testcpp\fsu_master(1)\fsu_master\server\debug\server.tlog\cl.command.1.tlog
f:\mytest\mytest\testcpp\fsu_master(1)\fsu_master\server\debug\server.tlog\cl.read.1.tlog
f:\mytest\mytest\testcpp\fsu_master(1)\fsu_master\server\debug\server.tlog\cl.write.1.tlog
f:\mytest\mytest\testcpp\fsu_master(1)\fsu_master\server\debug\server.tlog\link-cvtres.read.1.tlog
f:\mytest\mytest\testcpp\fsu_master(1)\fsu_master\server\debug\server.tlog\link-cvtres.write.1.tlog
f:\mytest\mytest\testcpp\fsu_master(1)\fsu_master\server\debug\server.tlog\link-rc.read.1.tlog
f:\mytest\mytest\testcpp\fsu_master(1)\fsu_master\server\debug\server.tlog\link-rc.write.1.tlog
f:\mytest\mytest\testcpp\fsu_master(1)\fsu_master\server\debug\server.tlog\link.30700-cvtres.read.1.tlog
f:\mytest\mytest\testcpp\fsu_master(1)\fsu_master\server\debug\server.tlog\link.30700-cvtres.write.1.tlog
f:\mytest\mytest\testcpp\fsu_master(1)\fsu_master\server\debug\server.tlog\link.30700-rc.read.1.tlog
f:\mytest\mytest\testcpp\fsu_master(1)\fsu_master\server\debug\server.tlog\link.30700-rc.write.1.tlog
f:\mytest\mytest\testcpp\fsu_master(1)\fsu_master\server\debug\server.tlog\link.30700.read.1.tlog
f:\mytest\mytest\testcpp\fsu_master(1)\fsu_master\server\debug\server.tlog\link.30700.write.1.tlog
f:\mytest\mytest\testcpp\fsu_master(1)\fsu_master\server\debug\server.tlog\link.command.1.tlog
f:\mytest\mytest\testcpp\fsu_master(1)\fsu_master\server\debug\server.tlog\link.read.1.tlog
f:\mytest\mytest\testcpp\fsu_master(1)\fsu_master\server\debug\server.tlog\link.write.1.tlog
